build/outputs/logs/manifest-merger-debug-report.txt
-- Merging decision tree log ---
manifest
ADDED from jon/StopmotionCamera/AndroidManifest.xml:2:1-28:12
INJECTED from jon/StopmotionCamera/AndroidManifest.xml:2:1-28:12
INJECTED from jon/StopmotionCamera/AndroidManifest.xml:2:1-28:12
INJECTED from jon/StopmotionCamera/AndroidManifest.xml:2:1-28:12
INJECTED from jon/StopmotionCamera/AndroidManifest.xml:2:1-28:12
	package
		ADDED from jon/StopmotionCamera/AndroidManifest.xml:3:5-31
	android:versionName
		ADDED from jon/StopmotionCamera/AndroidManifest.xml:5:5-30
		INJECTED from jon/StopmotionCamera/AndroidManifest.xml
		INJECTED from jon/StopmotionCamera/AndroidManifest.xml
	xmlns:android
		ADDED from jon/StopmotionCamera/AndroidManifest.xml:2:11-69
	android:versionCode
		ADDED from jon/StopmotionCamera/AndroidManifest.xml:4:5-28
		INJECTED from jon/StopmotionCamera/AndroidManifest.xml
		INJECTED from jon/StopmotionCamera/AndroidManifest.xml
application
ADDED from jon/StopmotionCamera/AndroidManifest.xml:7:5-22:19
	android:label
		ADDED from jon/StopmotionCamera/AndroidManifest.xml:9:9-41
	android:largeHeap
		ADDED from jon/StopmotionCamera/AndroidManifest.xml:10:9-33
	android:icon
		ADDED from jon/StopmotionCamera/AndroidManifest.xml:8:9-43
activity#robin.stopmotion.StopmotionCamera
ADDED from jon/StopmotionCamera/AndroidManifest.xml:11:9-20:20
	android:screenOrientation
		ADDED from jon/StopmotionCamera/AndroidManifest.xml:14:13-50
	android:label
		ADDED from jon/StopmotionCamera/AndroidManifest.xml:13:13-45
	android:theme
		ADDED from jon/StopmotionCamera/AndroidManifest.xml:15:13-71
	android:name
		ADDED from jon/StopmotionCamera/AndroidManifest.xml:12:13-45
intent-filter#action:name:android.intent.action.MAIN+category:name:android.intent.category.LAUNCHER
ADDED from jon/StopmotionCamera/AndroidManifest.xml:16:13-19:29
action#android.intent.action.MAIN
ADDED from jon/StopmotionCamera/AndroidManifest.xml:17:17-69
	android:name
		ADDED from jon/StopmotionCamera/AndroidManifest.xml:17:25-66
category#android.intent.category.LAUNCHER
ADDED from jon/StopmotionCamera/AndroidManifest.xml:18:17-77
	android:name
		ADDED from jon/StopmotionCamera/AndroidManifest.xml:18:27-74
uses-permission#android.permission.CAMERA
ADDED from jon/StopmotionCamera/AndroidManifest.xml:24:5-81
	android:name
		ADDED from jon/StopmotionCamera/AndroidManifest.xml:24:22-62
uses-permission#android.permission.WRITE_EXTERNAL_STORAGE
ADDED from jon/StopmotionCamera/AndroidManifest.xml:25:5-97
	android:name
		ADDED from jon/StopmotionCamera/AndroidManifest.xml:25:22-78
uses-permission#android.permission.READ_EXTERNAL_STORAGE
ADDED from jon/StopmotionCamera/AndroidManifest.xml:26:5-96
	android:name
		ADDED from jon/StopmotionCamera/AndroidManifest.xml:26:22-77
uses-permission#android.permission.INTERNET
ADDED from jon/StopmotionCamera/AndroidManifest.xml:27:5-83
	android:name
		ADDED from jon/StopmotionCamera/AndroidManifest.xml:27:22-64
uses-sdk
INJECTED from jon/StopmotionCamera/AndroidManifest.xml reason: use-sdk injection requested
INJECTED from jon/StopmotionCamera/AndroidManifest.xml
INJECTED from jon/StopmotionCamera/AndroidManifest.xml
	android:minSdkVersion
		INJECTED from jon/StopmotionCamera/AndroidManifest.xml
		ADDED from jon/StopmotionCamera/AndroidManifest.xml
		INJECTED from jon/StopmotionCamera/AndroidManifest.xml